0 info it worked if it ends with ok
1 verbose cli [ 'node', '/usr/local/bin/npm', 'login' ]
2 info using npm@1.1.45
3 info using node@v0.8.4
4 verbose config file /Users/ankur/.npmrc
5 verbose config file /usr/local/etc/npmrc
6 verbose config file /usr/local/lib/node_modules/npm/npmrc
7 error Error: canceled
7 error     at Interface.<anonymous> (/usr/local/lib/node_modules/npm/node_modules/read/lib/read.js:53:13)
7 error     at Interface.EventEmitter.emit (events.js:115:20)
7 error     at Interface._ttyWrite (readline.js:606:16)
7 error     at ReadStream.onkeypress (readline.js:98:10)
7 error     at ReadStream.EventEmitter.emit (events.js:115:20)
7 error     at emitKey (readline.js:1057:12)
7 error     at ReadStream.onData (readline.js:806:7)
7 error     at ReadStream.EventEmitter.emit (events.js:88:17)
7 error     at TTY.onread (net.js:403:14)
8 error If you need help, you may report this log at:
8 error     <http://github.com/isaacs/npm/issues>
8 error or email it to:
8 error     <npm-@googlegroups.com>
9 error System Darwin 12.1.0
10 error command "node" "/usr/local/bin/npm" "login"
11 error cwd /Users/ankur/Developer/handson-reddit
12 error node -v v0.8.4
13 error npm -v 1.1.45
14 verbose exit [ 1, true ]
